[0706/213208.563:INFO:CONSOLE(0)] "Error with Permissions-Policy header: Origin trial controlled feature not enabled: 'interest-cohort'.", source:  (0)
[0706/213209.990:INFO:CONSOLE(2)] "Could not get context for WebGL version 2", source: https://andythebreaker.github.io/static/js/main.f58b1d15.js (2)
[0706/213210.002:INFO:CONSOLE(2)] "Could not get context for WebGL version 1", source: https://andythebreaker.github.io/static/js/main.f58b1d15.js (2)
[0706/213210.003:INFO:CONSOLE(2)] "Initialization of backend webgl failed", source: https://andythebreaker.github.io/static/js/main.f58b1d15.js (2)
[0706/213210.003:INFO:CONSOLE(2)] "Error: WebGL is not supported on this device
    at new n (https://andythebreaker.github.io/static/js/main.f58b1d15.js:2:995299)
    at Object.factory (https://andythebreaker.github.io/static/js/main.f58b1d15.js:2:1015949)
    at e.value (https://andythebreaker.github.io/static/js/main.f58b1d15.js:2:80245)
    at e.value (https://andythebreaker.github.io/static/js/main.f58b1d15.js:2:81706)
    at e.get (https://andythebreaker.github.io/static/js/main.f58b1d15.js:2:77980)
    at e.value (https://andythebreaker.github.io/static/js/main.f58b1d15.js:2:86642)
    at qi (https://andythebreaker.github.io/static/js/main.f58b1d15.js:2:103240)
    at Module.Xp (https://andythebreaker.github.io/static/js/main.f58b1d15.js:2:255059)
    at new n (https://andythebreaker.github.io/static/js/main.f58b1d15.js:2:1671155)
    at https://andythebreaker.github.io/static/js/main.f58b1d15.js:2:2050079", source: https://andythebreaker.github.io/static/js/main.f58b1d15.js (2)
[0706/213210.004:INFO:CONSOLE(2)] "1,2,7,1,4,7,4,4,7,4,0,7", source: https://andythebreaker.github.io/static/js/main.f58b1d15.js (2)
[0706/213210.114:INFO:CONSOLE(2)] "0,0,1,0", source: https://andythebreaker.github.io/static/js/main.f58b1d15.js (2)
[0706/213210.124:INFO:CONSOLE(2)] "[object Object]", source: https://andythebreaker.github.io/static/js/main.f58b1d15.js (2)
[0706/213210.149:INFO:CONSOLE(2)] "[object Object]", source: https://andythebreaker.github.io/static/js/main.f58b1d15.js (2)
[0706/213210.156:INFO:CONSOLE(2)] "[object Object]", source: https://andythebreaker.github.io/static/js/main.f58b1d15.js (2)
[0706/213210.164:INFO:CONSOLE(2)] "[object Object]", source: https://andythebreaker.github.io/static/js/main.f58b1d15.js (2)
[0706/213210.172:INFO:CONSOLE(2)] "[object Object]", source: https://andythebreaker.github.io/static/js/main.f58b1d15.js (2)
[0706/213210.183:INFO:CONSOLE(2)] "[object Object]", source: https://andythebreaker.github.io/static/js/main.f58b1d15.js (2)
[0706/213210.192:INFO:CONSOLE(2)] "[object Object]", source: https://andythebreaker.github.io/static/js/main.f58b1d15.js (2)
[0706/213210.198:INFO:CONSOLE(2)] "[object Object]", source: https://andythebreaker.github.io/static/js/main.f58b1d15.js (2)
[0706/213210.203:INFO:CONSOLE(2)] "[object Object]", source: https://andythebreaker.github.io/static/js/main.f58b1d15.js (2)
[0706/213210.209:INFO:CONSOLE(2)] "[object Object]", source: https://andythebreaker.github.io/static/js/main.f58b1d15.js (2)
[0706/213210.215:INFO:CONSOLE(2)] "[object Object]", source: https://andythebreaker.github.io/static/js/main.f58b1d15.js (2)
[0706/213210.220:INFO:CONSOLE(2)] "[object Object]", source: https://andythebreaker.github.io/static/js/main.f58b1d15.js (2)
[0706/213210.226:INFO:CONSOLE(2)] "[object Object]", source: https://andythebreaker.github.io/static/js/main.f58b1d15.js (2)
[0706/213210.231:INFO:CONSOLE(2)] "[object Object]", source: https://andythebreaker.github.io/static/js/main.f58b1d15.js (2)
[0706/213210.236:INFO:CONSOLE(2)] "[object Object]", source: https://andythebreaker.github.io/static/js/main.f58b1d15.js (2)
[0706/213210.245:INFO:CONSOLE(2)] "[object Object]", source: https://andythebreaker.github.io/static/js/main.f58b1d15.js (2)
[0706/213210.250:INFO:CONSOLE(2)] "[object Object]", source: https://andythebreaker.github.io/static/js/main.f58b1d15.js (2)
[0706/213210.257:INFO:CONSOLE(2)] "[object Object]", source: https://andythebreaker.github.io/static/js/main.f58b1d15.js (2)
[0706/213210.263:INFO:CONSOLE(2)] "[object Object]", source: https://andythebreaker.github.io/static/js/main.f58b1d15.js (2)
[0706/213210.268:INFO:CONSOLE(2)] "[object Object]", source: https://andythebreaker.github.io/static/js/main.f58b1d15.js (2)
[0706/213210.271:INFO:CONSOLE(2)] "[object Object]", source: https://andythebreaker.github.io/static/js/main.f58b1d15.js (2)
[0706/213210.276:INFO:CONSOLE(2)] "[object Object]", source: https://andythebreaker.github.io/static/js/main.f58b1d15.js (2)
[0706/213210.306:INFO:CONSOLE(2)] "componentDidMount", source: https://andythebreaker.github.io/static/js/main.f58b1d15.js (2)
[0706/213210.308:INFO:CONSOLE(2)] "componentDidMount", source: https://andythebreaker.github.io/static/js/main.f58b1d15.js (2)
[0706/213210.308:INFO:CONSOLE(2)] "componentDidMount", source: https://andythebreaker.github.io/static/js/main.f58b1d15.js (2)
[0706/213210.309:INFO:CONSOLE(2)] "componentDidMount", source: https://andythebreaker.github.io/static/js/main.f58b1d15.js (2)
[0706/213210.309:INFO:CONSOLE(2)] "componentDidMount", source: https://andythebreaker.github.io/static/js/main.f58b1d15.js (2)
[0706/213210.310:INFO:CONSOLE(2)] "componentDidMount", source: https://andythebreaker.github.io/static/js/main.f58b1d15.js (2)
[0706/213210.310:INFO:CONSOLE(2)] "componentDidMount", source: https://andythebreaker.github.io/static/js/main.f58b1d15.js (2)
[0706/213210.311:INFO:CONSOLE(2)] "componentDidMount", source: https://andythebreaker.github.io/static/js/main.f58b1d15.js (2)
[0706/213210.311:INFO:CONSOLE(2)] "componentDidMount", source: https://andythebreaker.github.io/static/js/main.f58b1d15.js (2)
[0706/213210.311:INFO:CONSOLE(2)] "componentDidMount", source: https://andythebreaker.github.io/static/js/main.f58b1d15.js (2)
[0706/213210.312:INFO:CONSOLE(2)] "componentDidMount", source: https://andythebreaker.github.io/static/js/main.f58b1d15.js (2)
[0706/213210.312:INFO:CONSOLE(2)] "componentDidMount", source: https://andythebreaker.github.io/static/js/main.f58b1d15.js (2)
[0706/213210.313:INFO:CONSOLE(2)] "componentDidMount", source: https://andythebreaker.github.io/static/js/main.f58b1d15.js (2)
[0706/213210.313:INFO:CONSOLE(2)] "componentDidMount", source: https://andythebreaker.github.io/static/js/main.f58b1d15.js (2)
[0706/213210.314:INFO:CONSOLE(2)] "componentDidMount", source: https://andythebreaker.github.io/static/js/main.f58b1d15.js (2)
[0706/213210.314:INFO:CONSOLE(2)] "componentDidMount", source: https://andythebreaker.github.io/static/js/main.f58b1d15.js (2)
[0706/213210.314:INFO:CONSOLE(2)] "componentDidMount", source: https://andythebreaker.github.io/static/js/main.f58b1d15.js (2)
[0706/213210.315:INFO:CONSOLE(2)] "componentDidMount", source: https://andythebreaker.github.io/static/js/main.f58b1d15.js (2)
[0706/213210.315:INFO:CONSOLE(2)] "componentDidMount", source: https://andythebreaker.github.io/static/js/main.f58b1d15.js (2)
[0706/213210.315:INFO:CONSOLE(2)] "componentDidMount", source: https://andythebreaker.github.io/static/js/main.f58b1d15.js (2)
[0706/213210.315:INFO:CONSOLE(2)] "componentDidMount", source: https://andythebreaker.github.io/static/js/main.f58b1d15.js (2)
[0706/213210.316:INFO:CONSOLE(2)] "componentDidMount", source: https://andythebreaker.github.io/static/js/main.f58b1d15.js (2)
[0706/213210.335:ERROR:web_contents_delegate.cc(232)] WebContentsDelegate::CheckMediaAccessPermission: Not supported.
[0706/213210.335:ERROR:web_contents_delegate.cc(232)] WebContentsDelegate::CheckMediaAccessPermission: Not supported.
[0706/213210.447:INFO:CONSOLE(2)] "componentDidUpdate", source: https://andythebreaker.github.io/static/js/main.f58b1d15.js (2)
[0706/213210.449:INFO:CONSOLE(2)] "componentDidUpdate", source: https://andythebreaker.github.io/static/js/main.f58b1d15.js (2)
[0706/213210.449:INFO:CONSOLE(2)] "componentDidUpdate", source: https://andythebreaker.github.io/static/js/main.f58b1d15.js (2)
[0706/213210.450:INFO:CONSOLE(2)] "componentDidUpdate", source: https://andythebreaker.github.io/static/js/main.f58b1d15.js (2)
[0706/213210.450:INFO:CONSOLE(2)] "componentDidUpdate", source: https://andythebreaker.github.io/static/js/main.f58b1d15.js (2)
[0706/213210.451:INFO:CONSOLE(2)] "componentDidUpdate", source: https://andythebreaker.github.io/static/js/main.f58b1d15.js (2)
[0706/213210.451:INFO:CONSOLE(2)] "componentDidUpdate", source: https://andythebreaker.github.io/static/js/main.f58b1d15.js (2)
[0706/213210.451:INFO:CONSOLE(2)] "componentDidUpdate", source: https://andythebreaker.github.io/static/js/main.f58b1d15.js (2)
[0706/213210.451:INFO:CONSOLE(2)] "componentDidUpdate", source: https://andythebreaker.github.io/static/js/main.f58b1d15.js (2)
[0706/213210.452:INFO:CONSOLE(2)] "componentDidUpdate", source: https://andythebreaker.github.io/static/js/main.f58b1d15.js (2)
[0706/213210.452:INFO:CONSOLE(2)] "componentDidUpdate", source: https://andythebreaker.github.io/static/js/main.f58b1d15.js (2)
[0706/213210.452:INFO:CONSOLE(2)] "componentDidUpdate", source: https://andythebreaker.github.io/static/js/main.f58b1d15.js (2)
[0706/213210.453:INFO:CONSOLE(2)] "componentDidUpdate", source: https://andythebreaker.github.io/static/js/main.f58b1d15.js (2)
[0706/213210.453:INFO:CONSOLE(2)] "componentDidUpdate", source: https://andythebreaker.github.io/static/js/main.f58b1d15.js (2)
[0706/213210.454:INFO:CONSOLE(2)] "componentDidUpdate", source: https://andythebreaker.github.io/static/js/main.f58b1d15.js (2)
[0706/213210.454:INFO:CONSOLE(2)] "componentDidUpdate", source: https://andythebreaker.github.io/static/js/main.f58b1d15.js (2)
[0706/213210.454:INFO:CONSOLE(2)] "componentDidUpdate", source: https://andythebreaker.github.io/static/js/main.f58b1d15.js (2)
[0706/213210.455:INFO:CONSOLE(2)] "componentDidUpdate", source: https://andythebreaker.github.io/static/js/main.f58b1d15.js (2)
[0706/213210.455:INFO:CONSOLE(2)] "componentDidUpdate", source: https://andythebreaker.github.io/static/js/main.f58b1d15.js (2)
[0706/213210.456:INFO:CONSOLE(2)] "componentDidUpdate", source: https://andythebreaker.github.io/static/js/main.f58b1d15.js (2)
[0706/213210.456:INFO:CONSOLE(2)] "componentDidUpdate", source: https://andythebreaker.github.io/static/js/main.f58b1d15.js (2)
[0706/213210.457:INFO:CONSOLE(2)] "componentDidUpdate", source: https://andythebreaker.github.io/static/js/main.f58b1d15.js (2)
[0706/213211.268:INFO:CONSOLE(2)] "componentDidUpdate", source: https://andythebreaker.github.io/static/js/main.f58b1d15.js (2)
[0706/213211.268:INFO:CONSOLE(2)] "componentDidUpdate", source: https://andythebreaker.github.io/static/js/main.f58b1d15.js (2)
[0706/213211.269:INFO:CONSOLE(2)] "componentDidUpdate", source: https://andythebreaker.github.io/static/js/main.f58b1d15.js (2)
[0706/213211.269:INFO:CONSOLE(2)] "componentDidUpdate", source: https://andythebreaker.github.io/static/js/main.f58b1d15.js (2)
[0706/213211.269:INFO:CONSOLE(2)] "componentDidUpdate", source: https://andythebreaker.github.io/static/js/main.f58b1d15.js (2)
[0706/213211.270:INFO:CONSOLE(2)] "componentDidUpdate", source: https://andythebreaker.github.io/static/js/main.f58b1d15.js (2)
[0706/213211.270:INFO:CONSOLE(2)] "componentDidUpdate", source: https://andythebreaker.github.io/static/js/main.f58b1d15.js (2)
[0706/213211.270:INFO:CONSOLE(2)] "componentDidUpdate", source: https://andythebreaker.github.io/static/js/main.f58b1d15.js (2)
[0706/213211.271:INFO:CONSOLE(2)] "componentDidUpdate", source: https://andythebreaker.github.io/static/js/main.f58b1d15.js (2)
[0706/213211.271:INFO:CONSOLE(2)] "componentDidUpdate", source: https://andythebreaker.github.io/static/js/main.f58b1d15.js (2)
[0706/213211.271:INFO:CONSOLE(2)] "componentDidUpdate", source: https://andythebreaker.github.io/static/js/main.f58b1d15.js (2)
[0706/213211.272:INFO:CONSOLE(2)] "componentDidUpdate", source: https://andythebreaker.github.io/static/js/main.f58b1d15.js (2)
[0706/213211.272:INFO:CONSOLE(2)] "componentDidUpdate", source: https://andythebreaker.github.io/static/js/main.f58b1d15.js (2)
[0706/213211.272:INFO:CONSOLE(2)] "componentDidUpdate", source: https://andythebreaker.github.io/static/js/main.f58b1d15.js (2)
[0706/213211.275:INFO:CONSOLE(2)] "componentDidUpdate", source: https://andythebreaker.github.io/static/js/main.f58b1d15.js (2)
[0706/213211.275:INFO:CONSOLE(2)] "componentDidUpdate", source: https://andythebreaker.github.io/static/js/main.f58b1d15.js (2)
[0706/213211.276:INFO:CONSOLE(2)] "componentDidUpdate", source: https://andythebreaker.github.io/static/js/main.f58b1d15.js (2)
[0706/213211.277:INFO:CONSOLE(2)] "componentDidUpdate", source: https://andythebreaker.github.io/static/js/main.f58b1d15.js (2)
[0706/213211.277:INFO:CONSOLE(2)] "componentDidUpdate", source: https://andythebreaker.github.io/static/js/main.f58b1d15.js (2)
[0706/213211.277:INFO:CONSOLE(2)] "componentDidUpdate", source: https://andythebreaker.github.io/static/js/main.f58b1d15.js (2)
[0706/213211.278:INFO:CONSOLE(2)] "componentDidUpdate", source: https://andythebreaker.github.io/static/js/main.f58b1d15.js (2)
[0706/213211.278:INFO:CONSOLE(2)] "componentDidUpdate", source: https://andythebreaker.github.io/static/js/main.f58b1d15.js (2)
[0706/213211.297:ERROR:web_contents_delegate.cc(221)] WebContentsDelegate::RequestMediaAccessPermission: Not supported.
